Using pre-set license
Built from '2022.3/staging' branch; Version is '2022.3.7f1 (b16b3b16c7a0) revision 11627323'; Using compiler version '192829333'; Build Type 'Release'
OS: 'Windows 10  (10.0.19045) 64bit Core' Language: 'en' Physical Memory: 16215 MB
BatchMode: 1, IsHumanControllingUs: 0, StartBugReporterOnCrash: 0, Is64bit: 1, IsPro: 1

COMMAND LINE ARGUMENTS:
D:\Program Files\Unity\Unity Hub Editor\2022.3.7f1\Editor\Unity.exe
-adb2
-batchMode
-noUpm
-name
AssetImportWorker0
-projectPath
D:/COLLEGE/Fall2023/GameDev_Repo/GameDev_Repo/Unity Projects/Unit 4 Assignment/Unit4
-logFile
Logs/AssetImportWorker0.log
-srvPort
64955
Successfully changed project path to: D:/COLLEGE/Fall2023/GameDev_Repo/GameDev_Repo/Unity Projects/Unit 4 Assignment/Unit4
D:/COLLEGE/Fall2023/GameDev_Repo/GameDev_Repo/Unity Projects/Unit 4 Assignment/Unit4
[UnityMemory] Configuration Parameters - Can be set up in boot.config
    "memorysetup-bucket-allocator-granularity=16"
    "memorysetup-bucket-allocator-bucket-count=8"
    "memorysetup-bucket-allocator-block-size=33554432"
    "memorysetup-bucket-allocator-block-count=8"
    "memorysetup-main-allocator-block-size=16777216"
    "memorysetup-thread-allocator-block-size=16777216"
    "memorysetup-gfx-main-allocator-block-size=16777216"
    "memorysetup-gfx-thread-allocator-block-size=16777216"
    "memorysetup-cache-allocator-block-size=4194304"
    "memorysetup-typetree-allocator-block-size=2097152"
    "memorysetup-profiler-bucket-allocator-granularity=16"
    "memorysetup-profiler-bucket-allocator-bucket-count=8"
    "memorysetup-profiler-bucket-allocator-block-size=33554432"
    "memorysetup-profiler-bucket-allocator-block-count=8"
    "memorysetup-profiler-allocator-block-size=16777216"
    "memorysetup-profiler-editor-allocator-block-size=1048576"
    "memorysetup-temp-allocator-size-main=16777216"
    "memorysetup-job-temp-allocator-block-size=2097152"
    "memorysetup-job-temp-allocator-block-size-background=1048576"
    "memorysetup-job-temp-allocator-reduction-small-platforms=262144"
    "memorysetup-allocator-temp-initial-block-size-main=262144"
    "memorysetup-allocator-temp-initial-block-size-worker=262144"
    "memorysetup-temp-allocator-size-background-worker=32768"
    "memorysetup-temp-allocator-size-job-worker=262144"
    "memorysetup-temp-allocator-size-preload-manager=33554432"
    "memorysetup-temp-allocator-size-nav-mesh-worker=65536"
    "memorysetup-temp-allocator-size-audio-worker=65536"
    "memorysetup-temp-allocator-size-cloud-worker=32768"
    "memorysetup-temp-allocator-size-gi-baking-worker=262144"
    "memorysetup-temp-allocator-size-gfx=262144"
Player connection [27324] Host "[IP] 192.168.86.28 [Port] 0 [Flags] 2 [Guid] 4190533866 [EditorId] 4190533866 [Version] 1048832 [Id] WindowsEditor(7,LAPTOP-1DCL3E32) [Debug] 1 [PackageName] WindowsEditor [ProjectName] Editor" joined multi-casting on [225.0.0.222:54997]...

Player connection [27324] Host "[IP] 192.168.86.28 [Port] 0 [Flags] 2 [Guid] 4190533866 [EditorId] 4190533866 [Version] 1048832 [Id] WindowsEditor(7,LAPTOP-1DCL3E32) [Debug] 1 [PackageName] WindowsEditor [ProjectName] Editor" joined alternative multi-casting on [225.0.0.222:34997]...

Refreshing native plugins compatible for Editor in 11.89 ms, found 3 plugins.
Preloading 0 native plugins for Editor in 0.00 ms.
Initialize engine version: 2022.3.7f1 (b16b3b16c7a0)
[Subsystems] Discovering subsystems at path D:/Program Files/Unity/Unity Hub Editor/2022.3.7f1/Editor/Data/Resources/UnitySubsystems
[Subsystems] Discovering subsystems at path D:/COLLEGE/Fall2023/GameDev_Repo/GameDev_Repo/Unity Projects/Unit 4 Assignment/Unit4/Assets
GfxDevice: creating device client; threaded=0; jobified=0
Direct3D:
    Version:  Direct3D 11.0 [level 11.1]
    Renderer: NVIDIA GeForce GTX 1650 (ID=0x1f99)
    Vendor:   NVIDIA
    VRAM:     3950 MB
    Driver:   31.0.15.4617
Initialize mono
Mono path[0] = 'D:/Program Files/Unity/Unity Hub Editor/2022.3.7f1/Editor/Data/Managed'
Mono path[1] = 'D:/Program Files/Unity/Unity Hub Editor/2022.3.7f1/Editor/Data/MonoBleedingEdge/lib/mono/unityjit-win32'
Mono config path = 'D:/Program Files/Unity/Unity Hub Editor/2022.3.7f1/Editor/Data/MonoBleedingEdge/etc'
Using monoOptions --debugger-agent=transport=dt_socket,embedding=1,server=y,suspend=n,address=127.0.0.1:56804
Begin MonoManager ReloadAssembly
Registering precompiled unity dll's ...
Register platform support module: D:/Program Files/Unity/Unity Hub Editor/2022.3.7f1/Editor/Data/PlaybackEngines/WindowsStandaloneSupport/UnityEditor.WindowsStandalone.Extensions.dll
Registered in 0.006078 seconds.
- Loaded All Assemblies, in  0.457 seconds
Native extension for WindowsStandalone target not found
Mono: successfully reloaded assembly
- Finished resetting the current domain, in  0.365 seconds
Domain Reload Profiling: 821ms
	BeginReloadAssembly (153ms)
		ExecutionOrderSort (0ms)
		DisableScriptedObjects (0ms)
		BackupInstance (0ms)
		ReleaseScriptingObjects (0ms)
		CreateAndSetChildDomain (1ms)
	RebuildCommonClasses (44ms)
	RebuildNativeTypeToScriptingClass (12ms)
	initialDomainReloadingComplete (57ms)
	LoadAllAssembliesAndSetupDomain (189ms)
		LoadAssemblies (151ms)
		RebuildTransferFunctionScriptingTraits (0ms)
		AnalyzeDomain (187ms)
			TypeCache.Refresh (185ms)
				TypeCache.ScanAssembly (164ms)
			ScanForSourceGeneratedMonoScriptInfo (1ms)
			ResolveRequiredComponents (1ms)
	FinalizeReload (366ms)
		ReleaseScriptCaches (0ms)
		RebuildScriptCaches (0ms)
		SetupLoadedEditorAssemblies (284ms)
			LogAssemblyErrors (0ms)
			InitializePlatformSupportModulesInManaged (11ms)
			SetLoadedEditorAssemblies (11ms)
			RefreshPlugins (0ms)
			BeforeProcessingInitializeOnLoad (3ms)
			ProcessInitializeOnLoadAttributes (199ms)
			ProcessInitializeOnLoadMethodAttributes (60ms)
			AfterProcessingInitializeOnLoad (0ms)
			EditorAssembliesLoaded (0ms)
		ExecutionOrderSort2 (0ms)
		AwakeInstancesAfterBackupRestoration (0ms)
========================================================================
Worker process is ready to serve import requests
Begin MonoManager ReloadAssembly
Symbol file LoadedFromMemory doesn't match image D:\COLLEGE\Fall2023\GameDev_Repo\GameDev_Repo\Unity Projects\Unit 4 Assignment\Unit4\Library\PackageCache\com.unity.visualscripting@1.8.0\Editor\VisualScripting.Core\Dependencies\YamlDotNet\Unity.VisualScripting.YamlDotNet.dll
Symbol file LoadedFromMemory doesn't match image D:\COLLEGE\Fall2023\GameDev_Repo\GameDev_Repo\Unity Projects\Unit 4 Assignment\Unit4\Library\PackageCache\com.unity.visualscripting@1.8.0\Editor\VisualScripting.Core\Dependencies\DotNetZip\Unity.VisualScripting.IonicZip.dll
- Loaded All Assemblies, in  0.817 seconds
Refreshing native plugins compatible for Editor in 4.09 ms, found 3 plugins.
Native extension for WindowsStandalone target not found
Mono: successfully reloaded assembly
- Finished resetting the current domain, in  0.619 seconds
Domain Reload Profiling: 1435ms
	BeginReloadAssembly (201ms)
		ExecutionOrderSort (0ms)
		DisableScriptedObjects (7ms)
		BackupInstance (0ms)
		ReleaseScriptingObjects (0ms)
		CreateAndSetChildDomain (23ms)
	RebuildCommonClasses (41ms)
	RebuildNativeTypeToScriptingClass (12ms)
	initialDomainReloadingComplete (46ms)
	LoadAllAssembliesAndSetupDomain (517ms)
		LoadAssemblies (404ms)
		RebuildTransferFunctionScriptingTraits (0ms)
		AnalyzeDomain (244ms)
			TypeCache.Refresh (217ms)
				TypeCache.ScanAssembly (196ms)
			ScanForSourceGeneratedMonoScriptInfo (19ms)
			ResolveRequiredComponents (6ms)
	FinalizeReload (619ms)
		ReleaseScriptCaches (0ms)
		RebuildScriptCaches (0ms)
		SetupLoadedEditorAssemblies (422ms)
			LogAssemblyErrors (0ms)
			InitializePlatformSupportModulesInManaged (5ms)
			SetLoadedEditorAssemblies (4ms)
			RefreshPlugins (0ms)
			BeforeProcessingInitializeOnLoad (61ms)
			ProcessInitializeOnLoadAttributes (308ms)
			ProcessInitializeOnLoadMethodAttributes (35ms)
			AfterProcessingInitializeOnLoad (8ms)
			EditorAssembliesLoaded (0ms)
		ExecutionOrderSort2 (0ms)
		AwakeInstancesAfterBackupRestoration (10ms)
Launched and connected shader compiler UnityShaderCompiler.exe after 0.15 seconds
Refreshing native plugins compatible for Editor in 4.14 ms, found 3 plugins.
Preloading 0 native plugins for Editor in 0.00 ms.
Unloading 3066 Unused Serialized files (Serialized files now loaded: 0)
Unloading 31 unused Assets / (56.3 KB). Loaded Objects now: 3528.
Memory consumption went from 113.6 MB to 113.6 MB.
Total: 3.341300 ms (FindLiveObjects: 0.342300 ms CreateObjectMapping: 0.305100 ms MarkObjects: 2.537100 ms  DeleteObjects: 0.155300 ms)

AssetImportParameters requested are different than current active one (requested -> active):
  custom:container-demuxer-ogg: 62fdf1f143b41e24485cea50d1cbac27 -> 
  custom:video-decoder-ogg-theora: a1e56fd34408186e4bbccfd4996cb3dc -> 
  custom:framework-win-MediaFoundation: 216162199b28c13a410421893ffa2e32 -> 
  custom:container-demuxer-webm: 4f35f7cbe854078d1ac9338744f61a02 -> 
  custom:container-muxer-webm: aa71ff27fc2769a1b78a27578f13a17b -> 
  custom:video-decoder-webm-vp8: 9c59270c3fd7afecdb556c50c9e8de78 -> 
  custom:AudioImporter_EditorPlatform: d09bf68614088b80899f8185d706f6e7 -> 
  custom:video-encoder-webm-vp8: eb34c28f22e8b96e1ab97ce403110664 -> 
  custom:audio-decoder-ogg-vorbis: bf7c407c2cedff20999df2af8eb42d56 -> 
  custom:audio-encoder-webm-vorbis: bf7c407c2cedff20999df2af8eb42d56 -> 
========================================================================
Received Import Request.
  Time since last request: 336636.169975 seconds.
  path: Assets/Models/Dark Bush.fbx
  artifactKey: Guid(5b286f9855d766045909a20128726833) Importer(815301076,1909f56bfc062723c751e8b465ee728b)
Start importing Assets/Models/Dark Bush.fbx using Guid(5b286f9855d766045909a20128726833) Importer(815301076,1909f56bfc062723c751e8b465ee728b)  -> (artifact id: '842c5b9f840542b2d4a65ac10475c50e') in 1.254754 seconds
Number of updated asset objects reloaded before import = 0
Number of asset objects unloaded after import = 8
========================================================================
Received Import Request.
  Time since last request: 0.000036 seconds.
  path: Assets/Models/Terrain Decor.ma
  artifactKey: Guid(1a81331bf828ca2488dfa4ec3df17064) Importer(815301076,1909f56bfc062723c751e8b465ee728b)
Start importing Assets/Models/Terrain Decor.ma using Guid(1a81331bf828ca2488dfa4ec3df17064) Importer(815301076,1909f56bfc062723c751e8b465ee728b)  -> (artifact id: '1b819abf96f6d08d02ed6240cd565800') in 0.132848 seconds
Number of updated asset objects reloaded before import = 0
Number of asset objects unloaded after import = 19
========================================================================
Received Import Request.
  Time since last request: 0.000017 seconds.
  path: Assets/Models/Fence.fbx
  artifactKey: Guid(3869e747dc4855d41bbe23466eea7847) Importer(815301076,1909f56bfc062723c751e8b465ee728b)
Start importing Assets/Models/Fence.fbx using Guid(3869e747dc4855d41bbe23466eea7847) Importer(815301076,1909f56bfc062723c751e8b465ee728b)  -> (artifact id: '5bd3c12f88ece9458b5a829f1d6482d8') in 0.058902 seconds
Number of updated asset objects reloaded before import = 0
Number of asset objects unloaded after import = 20
========================================================================
Received Import Request.
  Time since last request: 0.000024 seconds.
  path: Assets/Models/Dirt.fbx
  artifactKey: Guid(7c54e9c9696bacc4dad0259202e989a5) Importer(815301076,1909f56bfc062723c751e8b465ee728b)
Start importing Assets/Models/Dirt.fbx using Guid(7c54e9c9696bacc4dad0259202e989a5) Importer(815301076,1909f56bfc062723c751e8b465ee728b)  -> (artifact id: 'a1893c9905ad9688411b490cc262cbf9') in 0.031890 seconds
Number of updated asset objects reloaded before import = 0
Number of asset objects unloaded after import = 8
========================================================================
Received Import Request.
  Time since last request: 0.000021 seconds.
  path: Assets/Models/Grass Slab.fbx
  artifactKey: Guid(725994bdb1a392f47b2618bacda578cb) Importer(815301076,1909f56bfc062723c751e8b465ee728b)
Start importing Assets/Models/Grass Slab.fbx using Guid(725994bdb1a392f47b2618bacda578cb) Importer(815301076,1909f56bfc062723c751e8b465ee728b)  -> (artifact id: '49d3edd285211a525e2e1ed0b8415329') in 0.031111 seconds
Number of updated asset objects reloaded before import = 0
Number of asset objects unloaded after import = 8
========================================================================
Received Import Request.
  Time since last request: 0.000029 seconds.
  path: Assets/Models/Medium Tree.fbx
  artifactKey: Guid(9c7dda06a8106294ebb111cc4038dc7c) Importer(815301076,1909f56bfc062723c751e8b465ee728b)
Start importing Assets/Models/Medium Tree.fbx using Guid(9c7dda06a8106294ebb111cc4038dc7c) Importer(815301076,1909f56bfc062723c751e8b465ee728b)  -> (artifact id: 'fc06665f76190336b56ffd082dc68a09') in 0.066605 seconds
Number of updated asset objects reloaded before import = 0
Number of asset objects unloaded after import = 16
========================================================================
Received Prepare
Refreshing native plugins compatible for Editor in 2.75 ms, found 3 plugins.
Preloading 0 native plugins for Editor in 0.00 ms.
Unloading 0 Unused Serialized files (Serialized files now loaded: 0)
Unloading 1 unused Assets / (0.8 KB). Loaded Objects now: 3573.
Memory consumption went from 70.1 MB to 70.1 MB.
Total: 2.831100 ms (FindLiveObjects: 0.244900 ms CreateObjectMapping: 0.231600 ms MarkObjects: 2.334700 ms  DeleteObjects: 0.018900 ms)

Prepare: number of updated asset objects reloaded= 0
AssetImportParameters requested are different than current active one (requested -> active):
  custom:container-demuxer-ogg: 62fdf1f143b41e24485cea50d1cbac27 -> 
  custom:video-decoder-ogg-theora: a1e56fd34408186e4bbccfd4996cb3dc -> 
  custom:framework-win-MediaFoundation: 216162199b28c13a410421893ffa2e32 -> 
  custom:CustomObjectIndexerAttribute: 756ad292c208cfabdd7b50bc23989ffe -> 
  custom:container-demuxer-webm: 4f35f7cbe854078d1ac9338744f61a02 -> 
  custom:container-muxer-webm: aa71ff27fc2769a1b78a27578f13a17b -> 
  custom:video-decoder-webm-vp8: 9c59270c3fd7afecdb556c50c9e8de78 -> 
  custom:SearchIndexIgnoredProperties: e643bd26f0fe6173181afceb89e7c659 -> 
  custom:AudioImporter_EditorPlatform: d09bf68614088b80899f8185d706f6e7 -> 
  custom:video-encoder-webm-vp8: eb34c28f22e8b96e1ab97ce403110664 -> 
  custom:audio-decoder-ogg-vorbis: bf7c407c2cedff20999df2af8eb42d56 -> 
  custom:audio-encoder-webm-vorbis: bf7c407c2cedff20999df2af8eb42d56 -> 
========================================================================
Received Import Request.
  Time since last request: 254.154077 seconds.
  path: Assets/Models/Grass Block.prefab
  artifactKey: Guid(6ae280a2579bd924b95e6632d0bc6870) Importer(815301076,1909f56bfc062723c751e8b465ee728b)
Start importing Assets/Models/Grass Block.prefab using Guid(6ae280a2579bd924b95e6632d0bc6870) Importer(815301076,1909f56bfc062723c751e8b465ee728b)  -> (artifact id: 'aa0207424142a4be75b1290dfa8f3c01') in 0.071212 seconds
Number of updated asset objects reloaded before import = 0
Number of asset objects unloaded after import = 30
========================================================================
Received Import Request.
  Time since last request: 8.591420 seconds.
  path: Assets/Models/Grass Block.prefab
  artifactKey: Guid(6ae280a2579bd924b95e6632d0bc6870) Importer(815301076,1909f56bfc062723c751e8b465ee728b)
Start importing Assets/Models/Grass Block.prefab using Guid(6ae280a2579bd924b95e6632d0bc6870) Importer(815301076,1909f56bfc062723c751e8b465ee728b)  -> (artifact id: '62065c66d5fc7cc3bbabdc792d3faac3') in 0.000872 seconds
Number of updated asset objects reloaded before import = 0
Number of asset objects unloaded after import = 1
========================================================================
Received Import Request.
  Time since last request: 157.678167 seconds.
  path: Assets/Models/Grass.fbx
  artifactKey: Guid(0732629fe40e76b4992855eeea176d2f) Importer(815301076,1909f56bfc062723c751e8b465ee728b)
Start importing Assets/Models/Grass.fbx using Guid(0732629fe40e76b4992855eeea176d2f) Importer(815301076,1909f56bfc062723c751e8b465ee728b)  -> (artifact id: '620991a1010cc69db36bceb7744b1f66') in 0.067351 seconds
Number of updated asset objects reloaded before import = 0
Number of asset objects unloaded after import = 16
========================================================================
Received Import Request.
  Time since last request: 208.743367 seconds.
  path: Assets/Models/Grass.prefab
  artifactKey: Guid(1c3c4c43dd6d5c14f84feec9b49452c5) Importer(815301076,1909f56bfc062723c751e8b465ee728b)
Start importing Assets/Models/Grass.prefab using Guid(1c3c4c43dd6d5c14f84feec9b49452c5) Importer(815301076,1909f56bfc062723c751e8b465ee728b)  -> (artifact id: 'fb76a430ee2baebfa0a804200d6d01e8') in 0.252155 seconds
Number of updated asset objects reloaded before import = 0
Number of asset objects unloaded after import = 30
========================================================================
Received Import Request.
  Time since last request: 26.000799 seconds.
  path: Assets/Prefabs
  artifactKey: Guid(bf185966e9307fb45a62b65788816a44) Importer(815301076,1909f56bfc062723c751e8b465ee728b)
Start importing Assets/Prefabs using Guid(bf185966e9307fb45a62b65788816a44) Importer(815301076,1909f56bfc062723c751e8b465ee728b)  -> (artifact id: '47d3fa8df13d09cf3d82da5b4201da09') in 0.000441 seconds
Number of updated asset objects reloaded before import = 0
Number of asset objects unloaded after import = 0
========================================================================
Received Import Request.
  Time since last request: 331.088615 seconds.
  path: Assets/Prefabs/Dirt.prefab
  artifactKey: Guid(6b0946bf9a36ceb47895a30749e0d98c) Importer(815301076,1909f56bfc062723c751e8b465ee728b)
Start importing Assets/Prefabs/Dirt.prefab using Guid(6b0946bf9a36ceb47895a30749e0d98c) Importer(815301076,1909f56bfc062723c751e8b465ee728b)  -> (artifact id: '49472ca63aa48f7c7bf49d07b1641c2d') in 0.015259 seconds
Number of updated asset objects reloaded before import = 0
Number of asset objects unloaded after import = 16
========================================================================
Received Import Request.
  Time since last request: 1218.950929 seconds.
  path: Assets/Prefabs/Grass.prefab
  artifactKey: Guid(1c3c4c43dd6d5c14f84feec9b49452c5) Importer(815301076,1909f56bfc062723c751e8b465ee728b)
Start importing Assets/Prefabs/Grass.prefab using Guid(1c3c4c43dd6d5c14f84feec9b49452c5) Importer(815301076,1909f56bfc062723c751e8b465ee728b)  -> (artifact id: '070d8bc545ff55e4cf677d70cca3c17e') in 0.016961 seconds
Number of updated asset objects reloaded before import = 0
Number of asset objects unloaded after import = 30
========================================================================
Received Import Request.
  Time since last request: 496.321462 seconds.
  path: Assets/Prefabs/Grass.prefab
  artifactKey: Guid(1c3c4c43dd6d5c14f84feec9b49452c5) Importer(815301076,1909f56bfc062723c751e8b465ee728b)
Start importing Assets/Prefabs/Grass.prefab using Guid(1c3c4c43dd6d5c14f84feec9b49452c5) Importer(815301076,1909f56bfc062723c751e8b465ee728b)  -> (artifact id: '716c474fc755f3ce1a0729ec3c9009a9') in 0.016501 seconds
Number of updated asset objects reloaded before import = 0
Number of asset objects unloaded after import = 28
========================================================================
Received Import Request.
  Time since last request: 668.781648 seconds.
  path: Assets/Prefabs/Wood Slab.prefab
  artifactKey: Guid(6511d755af9016a48aab08f95281f79e) Importer(815301076,1909f56bfc062723c751e8b465ee728b)
Start importing Assets/Prefabs/Wood Slab.prefab using Guid(6511d755af9016a48aab08f95281f79e) Importer(815301076,1909f56bfc062723c751e8b465ee728b)  -> (artifact id: 'af1c071c1f4cd46a431cea6c1ee03770') in 0.014522 seconds
Number of updated asset objects reloaded before import = 0
Number of asset objects unloaded after import = 16
========================================================================
Received Import Request.
  Time since last request: 2.167225 seconds.
  path: Assets/Prefabs/Dirt.prefab
  artifactKey: Guid(6b0946bf9a36ceb47895a30749e0d98c) Importer(815301076,1909f56bfc062723c751e8b465ee728b)
Start importing Assets/Prefabs/Dirt.prefab using Guid(6b0946bf9a36ceb47895a30749e0d98c) Importer(815301076,1909f56bfc062723c751e8b465ee728b)  -> (artifact id: '10feb7e0d2e9fe9380d35e0db0bdfb4a') in 0.011340 seconds
Number of updated asset objects reloaded before import = 0
Number of asset objects unloaded after import = 16
